\BOOKMARK [1][-]{section*.1}{\376\377\000I\000n\000h\000a\000l\000t\000s\000v\000e\000r\000z\000e\000i\000c\000h\000n\000i\000s}{}% 1
\BOOKMARK [1][-]{section*.2}{\376\377\000A\000b\000b\000i\000l\000d\000u\000n\000g\000s\000v\000e\000r\000z\000e\000i\000c\000h\000n\000i\000s}{}% 2
\BOOKMARK [1][-]{section*.3}{\376\377\000T\000a\000b\000e\000l\000l\000e\000n\000v\000e\000r\000z\000e\000i\000c\000h\000n\000i\000s}{}% 3
\BOOKMARK [1][-]{section*.4}{\376\377\000Q\000u\000e\000l\000l\000c\000o\000d\000e\000v\000e\000r\000z\000e\000i\000c\000h\000n\000i\000s}{}% 4
\BOOKMARK [1][-]{section.1}{\376\377\000H\000i\000s\000t\000o\000r\000i\000e}{}% 5
\BOOKMARK [1][-]{section.2}{\376\377\000B\000a\000s\000i\000c\000\040\000e\000n\000g\000i\000n\000e\000e\000r\000i\000n\000g}{}% 6
\BOOKMARK [2][-]{subsection.2.1}{\376\377\000C\000h\000e\000c\000k\000l\000i\000s\000t\000e}{section.2}% 7
\BOOKMARK [2][-]{subsection.2.2}{\376\377\000B\000e\000i\000s\000p\000i\000e\000l\000e\000,\000\040\000w\000a\000r\000u\000m\000\040\000B\000a\000s\000i\000c\000\040\000E\000n\000g\000i\000n\000e\000e\000r\000i\000n\000g\000\040\000w\000i\000c\000h\000t\000i\000g\000\040\000i\000s\000t}{section.2}% 8
\BOOKMARK [3][-]{subsubsection.2.2.1}{\376\377\0001\000-\000k\000a\000n\000a\000l\000i\000g\000e\000r\000\040\000i\000n\000d\000u\000k\000t\000i\000v\000e\000r\000\040\000S\000e\000n\000s\000o\000r\000\040\000P\000L\000d\000\040\000-\000>\000\040\000b\000e\000s\000o\000n\000d\000e\000r\000e\000\040\000B\000e\000s\000c\000h\000a\000l\000t\000u\000n\000g}{subsection.2.2}% 9
\BOOKMARK [1][-]{section.3}{\376\377\000P\000r\000o\000j\000e\000k\000t\000c\000h\000e\000c\000k\000l\000i\000s\000t\000e}{}% 10
\BOOKMARK [1][-]{section.4}{\376\377\000E\000i\000n\000l\000e\000i\000t\000u\000n\000g}{}% 11
\BOOKMARK [1][-]{section.5}{\376\377\000W\000i\000c\000h\000t\000i\000g\000e\000\040\000F\000e\000s\000t\000l\000e\000g\000u\000n\000g\000e\000n}{}% 12
\BOOKMARK [1][-]{section.6}{\376\377\000W\000i\000c\000h\000t\000i\000g\000e\000\040\000E\000r\000l\000\344\000u\000t\000e\000r\000u\000n\000g\000e\000n\000,\000\040\000B\000e\000g\000r\000i\000f\000f\000s\000d\000e\000f\000i\000n\000i\000t\000i\000o\000n\000e\000n}{}% 13
\BOOKMARK [1][-]{section.7}{\376\377\000G\000r\000u\000n\000d\000e\000i\000n\000s\000t\000e\000l\000l\000u\000n\000g\000e\000n\000\040\000T\000I\000A\000-\000P\000o\000r\000t\000a\000l}{}% 14
\BOOKMARK [1][-]{section.8}{\376\377\000P\000r\000o\000j\000e\000k\000t\000e\000r\000s\000t\000e\000l\000l\000u\000n\000g}{}% 15
\BOOKMARK [1][-]{section.9}{\376\377\000H\000a\000r\000d\000w\000a\000r\000e\000k\000o\000n\000f\000i\000g\000u\000r\000a\000t\000i\000o\000n}{}% 16
\BOOKMARK [1][-]{section.10}{\376\377\000R\000e\000g\000e\000l\000n\000\040\000z\000u\000r\000\040\000S\000o\000f\000t\000w\000a\000r\000e\000e\000r\000s\000t\000e\000l\000l\000u\000n\000g}{}% 17
\BOOKMARK [1][-]{section.11}{\376\377\000A\000n\000t\000r\000i\000e\000b\000s\000p\000r\000o\000j\000e\000k\000t\000i\000e\000r\000u\000n\000g}{}% 18
\BOOKMARK [1][-]{section.12}{\376\377\000V\000i\000s\000u\000a\000l\000i\000s\000i\000e\000r\000u\000n\000g}{}% 19
\BOOKMARK [1][-]{section.13}{\376\377\000M\000e\000h\000r\000s\000p\000r\000a\000c\000h\000i\000g\000k\000e\000i\000t\000\040\000/\000\040\000\334\000b\000e\000r\000s\000e\000t\000z\000u\000n\000g\000e\000n}{}% 20
\BOOKMARK [1][-]{section.14}{\376\377\000F\000u\000n\000k\000t\000i\000o\000n\000s\000b\000e\000s\000c\000h\000r\000e\000i\000b\000u\000n\000g}{}% 21
\BOOKMARK [1][-]{section.15}{\376\377\000M\000u\000l\000t\000i\000u\000s\000e\000r}{}% 22
\BOOKMARK [1][-]{section.16}{\376\377\000I\000n\000b\000e\000t\000r\000i\000e\000b\000n\000a\000h\000m\000e}{}% 23
\BOOKMARK [1][-]{section.17}{\376\377\000T\000r\000o\000u\000b\000l\000e\000s\000h\000o\000o\000t\000i\000n\000g}{}% 24
